<?xml version="1.0" encoding="UTF-8"?>
<!-- Generated by org.testng.reporters.JUnitReportReporter -->
<testsuite hostname="DELL-PC" failures="0" tests="1" name="test.BaseTest" time="33.491" errors="0" timestamp="2022-11-06T14:10:24 IST" skipped="0">
  <testcase classname="test.BaseTest" name="broweserLaunch" time="33.491"/>
  <system-out/>
</testsuite> <!-- test.BaseTest -->
