<?xml version="1.0" encoding="UTF-8"?>
<!-- Generated by org.testng.reporters.JUnitReportReporter -->
<testsuite hostname="DELL-PC" failures="0" tests="1" name="test.BaseTest" time="0.235" errors="0" timestamp="2022-11-06T14:18:11 IST" skipped="0">
  <testcase classname="test.BaseTest" name="teardown" time="0.235"/>
  <system-out/>
</testsuite> <!-- test.BaseTest -->
